-------------------------------------------------------------------------------
>Log Session: Monday, December 3, 2012 4:33:55 PM PST
>System Info: 
  Product Version         = IMPROV SQLite 201210100934
  Operating System        = Windows 7 version 6.1 running on amd64
  Java; VM; Vendor        = 1.6.0_37; Java HotSpot(TM) 64-Bit Server VM 20.12-b01; Sun Microsystems Inc.
  Runtime                 = Java(TM) SE Runtime Environment 1.6.0_37-b06
  Java Home               = C:\jdk1.6.0\jre
  System Locale; Encoding = en_US (improvsqliteapp); Cp1252
  Home Directory          = C:\Users\d3x924
  Current Directory       = C:\warea\workspaces\emsl-UBC\improv-netbeans\ImprovSqliteApp\application\target\improvsqliteapp
  User Directory          = C:\warea\workspaces\emsl-UBC\improv-netbeans\ImprovSqliteApp\application\target\userdir
  Cache Directory         = C:\warea\workspaces\emsl-UBC\improv-netbeans\ImprovSqliteApp\application\target\userdir\var\cache
  Installation            = C:\warea\workspaces\emsl-UBC\improv-netbeans\ImprovSqliteApp\application\target\improvsqliteapp\bin
                            C:\warea\workspaces\emsl-UBC\improv-netbeans\ImprovSqliteApp\application\target\improvsqliteapp\etc
                            C:\warea\workspaces\emsl-UBC\improv-netbeans\ImprovSqliteApp\application\target\improvsqliteapp\improvsqliteapp
                            C:\warea\workspaces\emsl-UBC\improv-netbeans\ImprovSqliteApp\application\target\improvsqliteapp\platform
                            C:\warea\workspaces\emsl-UBC\improv-netbeans\ImprovSqliteApp\application\target\improvsqliteapp\platform
  Boot & Ext. Classpath   = C:\jdk1.6.0\jre\lib\resources.jar;C:\jdk1.6.0\jre\lib\rt.jar;C:\jdk1.6.0\jre\lib\sunrsasign.jar;C:\jdk1.6.0\jre\lib\jsse.jar;C:\jdk1.6.0\jre\lib\jce.jar;C:\jdk1.6.0\jre\lib\charsets.jar;C:\jdk1.6.0\jre\lib\modules\jdk.boot.jar;C:\jdk1.6.0\jre\classes;C:\jdk1.6.0\jre\lib\ext\dnsns.jar;C:\jdk1.6.0\jre\lib\ext\localedata.jar;C:\jdk1.6.0\jre\lib\ext\sunjce_provider.jar
  Application Classpath   = C:\warea\workspaces\emsl-UBC\improv-netbeans\ImprovSqliteApp\application\target\improvsqliteapp\platform\lib\boot.jar;C:\warea\workspaces\emsl-UBC\improv-netbeans\ImprovSqliteApp\application\target\improvsqliteapp\platform\lib\org-openide-modules.jar;C:\warea\workspaces\emsl-UBC\improv-netbeans\ImprovSqliteApp\application\target\improvsqliteapp\platform\lib\org-openide-util-lookup.jar;C:\warea\workspaces\emsl-UBC\improv-netbeans\ImprovSqliteApp\application\target\improvsqliteapp\platform\lib\org-openide-util.jar;C:\warea\workspaces\emsl-UBC\improv-netbeans\ImprovSqliteApp\application\target\improvsqliteapp\platform\lib\locale\boot_ja.jar;C:\warea\workspaces\emsl-UBC\improv-netbeans\ImprovSqliteApp\application\target\improvsqliteapp\platform\lib\locale\boot_pt_BR.jar;C:\warea\workspaces\emsl-UBC\improv-netbeans\ImprovSqliteApp\application\target\improvsqliteapp\platform\lib\locale\boot_ru.jar;C:\warea\workspaces\emsl-UBC\improv-netbeans\ImprovSqliteApp\application\target\improvsqliteapp\platform\lib\locale\boot_zh_CN.jar;C:\warea\workspaces\emsl-UBC\improv-netbeans\ImprovSqliteApp\application\target\improvsqliteapp\platform\lib\locale\org-openide-modules_ja.jar;C:\warea\workspaces\emsl-UBC\improv-netbeans\ImprovSqliteApp\application\target\improvsqliteapp\platform\lib\locale\org-openide-modules_pt_BR.jar;C:\warea\workspaces\emsl-UBC\improv-netbeans\ImprovSqliteApp\application\target\improvsqliteapp\platform\lib\locale\org-openide-modules_ru.jar;C:\warea\workspaces\emsl-UBC\improv-netbeans\ImprovSqliteApp\application\target\improvsqliteapp\platform\lib\locale\org-openide-modules_zh_CN.jar;C:\warea\workspaces\emsl-UBC\improv-netbeans\ImprovSqliteApp\application\target\improvsqliteapp\platform\lib\locale\org-openide-util-lookup_ja.jar;C:\warea\workspaces\emsl-UBC\improv-netbeans\ImprovSqliteApp\application\target\improvsqliteapp\platform\lib\locale\org-openide-util-lookup_pt_BR.jar;C:\warea\workspaces\emsl-UBC\improv-netbeans\ImprovSqliteApp\application\target\improvsqliteapp\platform\lib\locale\org-openide-util-lookup_ru.jar;C:\warea\workspaces\emsl-UBC\improv-netbeans\ImprovSqliteApp\application\target\improvsqliteapp\platform\lib\locale\org-openide-util-lookup_zh_CN.jar;C:\warea\workspaces\emsl-UBC\improv-netbeans\ImprovSqliteApp\application\target\improvsqliteapp\platform\lib\locale\org-openide-util_ja.jar;C:\warea\workspaces\emsl-UBC\improv-netbeans\ImprovSqliteApp\application\target\improvsqliteapp\platform\lib\locale\org-openide-util_pt_BR.jar;C:\warea\workspaces\emsl-UBC\improv-netbeans\ImprovSqliteApp\application\target\improvsqliteapp\platform\lib\locale\org-openide-util_ru.jar;C:\warea\workspaces\emsl-UBC\improv-netbeans\ImprovSqliteApp\application\target\improvsqliteapp\platform\lib\locale\org-openide-util_zh_CN.jar;C:\jdk1.6.0\lib\dt.jar;C:\jdk1.6.0\lib\tools.jar
  Startup Classpath       = C:\warea\workspaces\emsl-UBC\improv-netbeans\ImprovSqliteApp\application\target\improvsqliteapp\platform\core\core.jar;C:\warea\workspaces\emsl-UBC\improv-netbeans\ImprovSqliteApp\application\target\improvsqliteapp\platform\core\org-openide-filesystems.jar;C:\warea\workspaces\emsl-UBC\improv-netbeans\ImprovSqliteApp\application\target\improvsqliteapp\platform\core\locale\core_ja.jar;C:\warea\workspaces\emsl-UBC\improv-netbeans\ImprovSqliteApp\application\target\improvsqliteapp\platform\core\locale\core_pt_BR.jar;C:\warea\workspaces\emsl-UBC\improv-netbeans\ImprovSqliteApp\application\target\improvsqliteapp\platform\core\locale\core_ru.jar;C:\warea\workspaces\emsl-UBC\improv-netbeans\ImprovSqliteApp\application\target\improvsqliteapp\platform\core\locale\core_zh_CN.jar;C:\warea\workspaces\emsl-UBC\improv-netbeans\ImprovSqliteApp\application\target\improvsqliteapp\platform\core\locale\org-openide-filesystems_ja.jar;C:\warea\workspaces\emsl-UBC\improv-netbeans\ImprovSqliteApp\application\target\improvsqliteapp\platform\core\locale\org-openide-filesystems_pt_BR.jar;C:\warea\workspaces\emsl-UBC\improv-netbeans\ImprovSqliteApp\application\target\improvsqliteapp\platform\core\locale\org-openide-filesystems_ru.jar;C:\warea\workspaces\emsl-UBC\improv-netbeans\ImprovSqliteApp\application\target\improvsqliteapp\platform\core\locale\org-openide-filesystems_zh_CN.jar;C:\warea\workspaces\emsl-UBC\improv-netbeans\ImprovSqliteApp\application\target\improvsqliteapp\improvsqliteapp\core\locale\core_improvsqliteapp.jar
-------------------------------------------------------------------------------
INFO [org.netbeans.core.startup.NbEvents]: Turning on modules:
	org.openide.util.lookup [8.15.2 201210100934]
	org.openide.util [8.25.2 201210100934]
	org.openide.modules [7.32.1 201210100934]
	org.openide.filesystems [7.62.1 201210100934]
	org.netbeans.api.annotations.common/1 [1.14.1 201210100934]
	org.openide.awt [7.46.1 201210100934]
	org.netbeans.api.progress/1 [1.28.1 201210100934]
	org.openide.dialogs [7.25.1 201210100934]
	org.openide.nodes [7.28.1 201210100934]
	org.openide.windows [6.55.2 201210100934]
	org.netbeans.modules.editor.mimelookup/1 [1.26.1 201210100934]
	org.openide.text [6.49.3 201210100934]
	org.netbeans.swing.tabcontrol [1.36.1 201210100934]
	org.netbeans.swing.outline [1.20.1 201210100934]
	org.openide.explorer [6.45.1 201210100934]
	org.openide.actions [6.26.1 201210100934]
	org.netbeans.modules.queries/1 [1.28.1 201210100934]
	org.openide.loaders [7.37.3 201210100934]
	org.openide.io [1.31.2 201210100934]
	org.netbeans.swing.plaf [1.25.1 201210100934]
	org.netbeans.spi.quicksearch [1.14.1 201210100934]
	org.netbeans.bootstrap/1 [2.52.3 201210100934]
	org.netbeans.core.startup/1 [1.40.1 201210100934]
	org.netbeans.modules.settings/1 [1.35.1 201210100934]
	org.netbeans.modules.sampler [1.1.1 201210100934]
	org.netbeans.modules.progress.ui [1.20.1 201210100934]
	org.netbeans.modules.print [7.13.1 201210100934]
	org.netbeans.modules.keyring [1.11.1 201210100934]
	org.netbeans.core/2 [3.33.1 201210100934]
	org.netbeans.modules.options.api/1 [1.26.1 201210100934]
	org.netbeans.modules.options.keymap [1.19.2 201210100934]
	org.netbeans.modules.masterfs/2 [2.38.2 201210100934]
	org.netbeans.libs.jna/1 [1.21.1 201210100934]
	org.netbeans.modules.masterfs.windows [1.1.1 201210100934]
	org.netbeans.modules.keyring.impl [1.7.1 201210100934]
	org.netbeans.modules.favorites/1 [1.29.1 201210100934]
	org.netbeans.modules.editor.mimelookup.impl/1 [1.18.1 201210100934]
	org.netbeans.modules.autoupdate.services [1.33.2 201210100934]
	org.netbeans.core.ui/1 [1.31.1 201210100934]
	org.netbeans.modules.autoupdate.ui [1.27.3 201210100934]
	org.netbeans.libs.osgi [1.9.1 201210100934]
	org.netbeans.libs.felix [2.3.1 201210100934]
	org.netbeans.core.windows/2 [2.49.3 201210100934]
	org.netbeans.modules.core.kit [1.16.1 201210100934]
	org.netbeans.core.output2/1 [1.26.1 201210100934]
	org.netbeans.core.netigso [1.16.1 201210100934]
	org.netbeans.core.nativeaccess/1 [1.16.1 201210100934]
	org.netbeans.core.io.ui/1 [1.16.1 201210100934]
	gov.pnnl.improv.ImprovTreeMapVis [1.0 1.0-20121129 201211291754]
	gov.pnnl.improv.ImprovSqliteApp.branding [1.0 1.0-20121129 201211291754]
	gov.pnnl.improv.ImprovLibWrapper [1.0 1.0-20121129 201211292358]
	gov.pnnl.improv.ImprovCommonApi [1.0 1.0-20121130 201211301818]
	gov.pnnl.improv.ImprovDataSource [1.0 1.0-20121203 201212032316]
Diagnostic information
Input arguments:
	-Xms24m
	-Xmx64m
	-Dnetbeans.logger.console=true
	-ea
	-Dnetbeans.user.dir=C:\warea\workspaces\emsl-UBC\improv-netbeans\ImprovSqliteApp\application
	-Djdk.home=C:\jdk1.6.0
	-Dnetbeans.home=C:\warea\workspaces\emsl-UBC\improv-netbeans\ImprovSqliteApp\application\target\improvsqliteapp\platform
	-Dnetbeans.user=C:\warea\workspaces\emsl-UBC\improv-netbeans\ImprovSqliteApp\application\target\userdir
	-Dnetbeans.default_userdir_root=
	-XX:+HeapDumpOnOutOfMemoryError
	-XX:HeapDumpPath=C:\warea\workspaces\emsl-UBC\improv-netbeans\ImprovSqliteApp\application\target\userdir\var\log\heapdump.hprof
	-Dnetbeans.system_http_proxy=DIRECT
	-Dsun.awt.keepWorkingSetOnMinimize=true
	-Dnetbeans.dirs=C:\warea\workspaces\emsl-UBC\improv-netbeans\ImprovSqliteApp\application\target\improvsqliteapp\bin;C:\warea\workspaces\emsl-UBC\improv-netbeans\ImprovSqliteApp\application\target\improvsqliteapp\etc;C:\warea\workspaces\emsl-UBC\improv-netbeans\ImprovSqliteApp\application\target\improvsqliteapp\improvsqliteapp;C:\warea\workspaces\emsl-UBC\improv-netbeans\ImprovSqliteApp\application\target\improvsqliteapp\platform
Compiler: HotSpot 64-Bit Tiered Compilers
Heap memory usage: initial 24.0MB maximum 56.9MB
Non heap memory usage: initial 23.2MB maximum 130.0MB
Garbage collector: PS Scavenge (Collections=10 Total time spent=0s)
Garbage collector: PS MarkSweep (Collections=1 Total time spent=0s)
Classes: loaded=4016 total loaded=4016 unloaded 0
INFO [org.netbeans.core.ui.warmup.DiagnosticTask]: Total memory 17,134,796,800
INFO [null]: Total physical memory 17,134,796,800
WARNING [org.openide.filesystems.Ordering]: Not all children in Menu/Window/ marked with the position attribute: [gov-pnnl-improv-datasource-ui-DataSourceViewerTopComponent.shadow], but some are: [org-netbeans-modules-favorites-View.shadow, org-netbeans-core-windows-actions-GlobalPropertiesAction.shadow, Output, SwitchToRecentDocumentAction.shadow, ProgressListAction.shadow, Separator3.instance, ConfigureWindow, org-netbeans-core-windows-actions-ResetWindowsAction.shadow, Separator4.instance, CloseWindowAction.shadow, CloseAllDocumentsAction.shadow, CloseAllButThisAction.shadow, DocumentsAction.shadow]
